SF:./spec/avatar_identicon_spec.rb
DA:3,1
DA:4,1
DA:5,0
DA:6,0
DA:9,1
DA:10,0
DA:13,1
DA:14,0
DA:15,0
DA:19,1
DA:20,0
DA:21,0
DA:24,0
DA:25,0
DA:29,1
DA:30,0
DA:31,0
DA:35,1
DA:36,0
DA:37,0
DA:41,1
DA:42,0
DA:49,0
end_of_record
SF:./spec/avatar_marble_spec.rb
DA:3,1
DA:4,1
DA:5,0
DA:6,0
DA:9,1
DA:10,0
DA:11,0
DA:14,1
DA:15,0
DA:20,0
DA:23,1
DA:24,0
DA:30,0
end_of_record
SF:./spec/avatar_pixel_spec.rb
DA:3,1
DA:4,1
DA:5,0
DA:6,0
DA:9,1
DA:10,0
DA:11,0
DA:14,1
DA:15,0
DA:20,0
DA:23,1
DA:24,0
DA:30,0
end_of_record
SF:./spec/avatar_ring_spec.rb
DA:3,1
DA:4,1
DA:5,0
DA:6,0
DA:9,1
DA:10,0
DA:11,0
DA:14,1
DA:15,0
DA:20,0
DA:23,1
DA:24,0
DA:30,0
end_of_record
SF:./spec/avatar_spec.rb
DA:3,1
DA:4,1
DA:5,0
DA:7,0
DA:8,0
DA:11,1
DA:12,0
DA:17,0
DA:18,0
DA:21,1
DA:22,0
DA:29,0
DA:30,0
DA:33,1
DA:34,0
DA:41,0
DA:42,0
DA:45,1
DA:46,0
DA:53,0
DA:54,0
DA:57,1
DA:58,0
DA:65,0
DA:66,0
DA:69,1
DA:70,0
DA:77,0
DA:78,0
end_of_record
SF:./spec/avatar_sunset_spec.rb
DA:3,1
DA:4,1
DA:5,0
DA:6,0
DA:9,1
DA:10,0
DA:11,0
DA:14,1
DA:15,0
DA:20,0
DA:23,1
DA:24,0
DA:30,0
end_of_record
SF:./spec/boring_avatars_ruby_spec.rb
DA:3,1
DA:4,1
DA:5,0
end_of_record
SF:./spec/utilities_spec.rb
DA:1,1
DA:2,1
DA:3,1
DA:4,0
DA:8,1
DA:9,1
DA:10,0
DA:11,0
DA:13,0
DA:18,0
DA:20,0
DA:25,0
DA:27,0
DA:32,0
DA:34,0
DA:39,0
end_of_record
